2018-08-01 15:54:46-main--INFO -com.ctaf.accelerators.TestEngine:Starting browser : iphone
2018-08-01 15:57:07-main--INFO -com.ctaf.accelerators.TestEngine:Starting browser : iphone
2018-08-01 15:58:05-main--INFO -com.ctaf.accelerators.TestEngine:Current Test : TC_2a_oneWayDomesticBusinessCC
2018-08-01 15:58:26-main--INFO -com.ctaf.accelerators.TestEngine:Able to click on Login
2018-08-01 15:59:12-main--INFO -com.ctaf.accelerators.TestEngine:Typing is performed on EmailAddress
2018-08-01 15:59:55-main--INFO -com.ctaf.accelerators.TestEngine:Typing is performed on Password
2018-08-01 16:00:05-main--INFO -com.ctaf.accelerators.TestEngine:Able to click on Login
2018-08-01 16:01:08-main--INFO -com.ctaf.accelerators.TestEngine:Able to click on One-way
2018-08-01 16:01:20-main--INFO -com.ctaf.accelerators.TestEngine:Able to click on By.xpath: //XCUIElementTypeStaticText[@name='Origin']/../XCUIElementTypeButton
2018-08-01 16:01:26-main--INFO -com.ctaf.accelerators.TestEngine:Able to click on Search
2018-08-01 16:01:31-main--INFO -com.ctaf.accelerators.TestEngine:Typing is performed on Origin
2018-08-01 16:01:32-main--INFO -com.ctaf.accelerators.TestEngine:Able to click on RUH
2018-08-01 16:01:37-main--INFO -com.ctaf.accelerators.TestEngine:Typing is performed on Destination
2018-08-01 16:01:39-main--INFO -com.ctaf.accelerators.TestEngine:Able to click on DMM
2018-08-01 16:01:58-main--INFO -com.ctaf.accelerators.TestEngine:Able to click on Find Flights
2018-08-01 16:04:06-main--INFO -com.ctaf.accelerators.TestEngine:Able to click on By.xpath: //XCUIElementTypeCell[1]/XCUIElementTypeButton[2]
2018-08-01 16:05:09-main--INFO -com.ctaf.accelerators.TestEngine:Able to click on By.xpath: //XCUIElementTypeCell[1]/XCUIElementTypeButton[3]
2018-08-01 16:05:47-main--INFO -com.ctaf.accelerators.TestEngine:Able to click on By.xpath: //XCUIElementTypeCell[1]/XCUIElementTypeButton[2]
2018-08-01 16:06:03-main--INFO -com.ctaf.accelerators.TestEngine:Able to click on By.xpath: //XCUIElementTypeCell[1]/XCUIElementTypeButton[3]
2018-08-01 16:06:39-main--INFO -com.ctaf.accelerators.TestEngine:Able to click on By.xpath: //XCUIElementTypeCell[1]/XCUIElementTypeButton[2]
2018-08-01 16:06:56-main--INFO -com.ctaf.accelerators.TestEngine:Able to click on By.xpath: //XCUIElementTypeCell[1]/XCUIElementTypeButton[3]
2018-08-01 16:07:40-main--INFO -com.ctaf.accelerators.TestEngine:Able to click on By.xpath: //XCUIElementTypeCell[1]/XCUIElementTypeButton[2]
2018-08-01 16:07:57-main--INFO -com.ctaf.accelerators.TestEngine:Able to click on By.xpath: //XCUIElementTypeCell[1]/XCUIElementTypeButton[3]
2018-08-01 16:08:42-main--INFO -com.ctaf.accelerators.TestEngine:Able to click on By.xpath: //XCUIElementTypeCell[1]/XCUIElementTypeButton[2]
2018-08-01 16:08:59-main--INFO -com.ctaf.accelerators.TestEngine:Able to click on By.xpath: //XCUIElementTypeCell[1]/XCUIElementTypeButton[3]
2018-08-01 16:10:38-main--INFO -com.ctaf.accelerators.TestEngine:Unable to click on By.xpath: //*[@label='icn arrow right red']
2018-08-01 16:10:40-main--INFO -com.ctaf.accelerators.TestEngine: Able to get TscreenShot
2018-08-01 16:13:04-main--INFO -com.ctaf.accelerators.TestEngine:Starting browser : iphone
2018-08-01 16:13:15-main--INFO -com.ctaf.accelerators.TestEngine:Current Test : TC_2a_oneWayDomesticBusinessCC
2018-08-01 16:13:36-main--INFO -com.ctaf.accelerators.TestEngine:Able to click on Login
2018-08-01 16:13:48-main--INFO -com.ctaf.accelerators.TestEngine:Typing is performed on EmailAddress
2018-08-01 16:14:12-main--INFO -com.ctaf.accelerators.TestEngine:Typing is performed on Password
2018-08-01 16:14:24-main--INFO -com.ctaf.accelerators.TestEngine:Able to click on Login
2018-08-01 16:15:54-main--INFO -com.ctaf.accelerators.TestEngine:Able to click on One-way
2018-08-01 16:16:05-main--INFO -com.ctaf.accelerators.TestEngine:Able to click on By.xpath: //XCUIElementTypeStaticText[@name='Origin']/../XCUIElementTypeButton
2018-08-01 16:16:12-main--INFO -com.ctaf.accelerators.TestEngine:Able to click on Search
2018-08-01 16:16:17-main--INFO -com.ctaf.accelerators.TestEngine:Typing is performed on Origin
2018-08-01 16:16:18-main--INFO -com.ctaf.accelerators.TestEngine:Able to click on RUH
2018-08-01 16:16:23-main--INFO -com.ctaf.accelerators.TestEngine:Typing is performed on Destination
2018-08-01 16:16:24-main--INFO -com.ctaf.accelerators.TestEngine:Able to click on DMM
2018-08-01 16:17:13-main--INFO -com.ctaf.accelerators.TestEngine:Able to click on Find Flights
2018-08-01 16:21:00-main--INFO -com.ctaf.accelerators.TestEngine:Able to click on By.xpath: //XCUIElementTypeCell[1]/XCUIElementTypeButton[2]
2018-08-01 17:04:53-main--INFO -com.ctaf.accelerators.TestEngine:Starting browser : iphone
2018-08-01 17:18:10-main--INFO -com.ctaf.accelerators.TestEngine:Starting browser : iphone
2018-08-01 17:19:40-main--INFO -com.ctaf.accelerators.TestEngine:Starting browser : iphone
2018-08-01 17:20:23-main--INFO -com.ctaf.accelerators.TestEngine:Current Test : TC_2a_oneWayDomesticBusinessCC
2018-08-01 17:20:36-main--INFO -com.ctaf.accelerators.TestEngine:Able to click on Login
2018-08-01 17:20:48-main--INFO -com.ctaf.accelerators.TestEngine:Typing is performed on EmailAddress
2018-08-01 17:21:02-main--INFO -com.ctaf.accelerators.TestEngine:Typing is performed on Password
2018-08-01 17:21:26-main--INFO -com.ctaf.accelerators.TestEngine:Able to click on Login
2018-08-01 17:22:03-main--INFO -com.ctaf.accelerators.TestEngine:Able to click on One-way
2018-08-01 17:22:15-main--INFO -com.ctaf.accelerators.TestEngine:Able to click on By.xpath: //XCUIElementTypeStaticText[@name='Origin']/../XCUIElementTypeButton
2018-08-01 17:22:21-main--INFO -com.ctaf.accelerators.TestEngine:Able to click on Search
2018-08-01 17:22:26-main--INFO -com.ctaf.accelerators.TestEngine:Typing is performed on Origin
2018-08-01 17:22:27-main--INFO -com.ctaf.accelerators.TestEngine:Able to click on RUH
2018-08-01 17:22:32-main--INFO -com.ctaf.accelerators.TestEngine:Typing is performed on Destination
2018-08-01 17:22:34-main--INFO -com.ctaf.accelerators.TestEngine:Able to click on DMM
2018-08-01 17:23:21-main--INFO -com.ctaf.accelerators.TestEngine:Able to click on Find Flights
2018-08-01 17:25:17-main--INFO -com.ctaf.accelerators.TestEngine:Able to click on By.xpath: //XCUIElementTypeCell[1]/XCUIElementTypeButton[2]
2018-08-01 17:26:19-main--INFO -com.ctaf.accelerators.TestEngine:Able to click on By.xpath: //XCUIElementTypeCell[1]/XCUIElementTypeButton[3]
2018-08-01 17:26:56-main--INFO -com.ctaf.accelerators.TestEngine:Able to click on By.xpath: //XCUIElementTypeCell[1]/XCUIElementTypeButton[2]
2018-08-01 17:27:11-main--INFO -com.ctaf.accelerators.TestEngine:Unable to click on By.xpath: //XCUIElementTypeCell[1]/XCUIElementTypeButton[3]
2018-08-01 17:27:13-main--INFO -com.ctaf.accelerators.TestEngine: Able to get TscreenShot
2018-08-01 17:29:30-main--INFO -com.ctaf.accelerators.TestEngine:Starting browser : iphone
2018-08-01 17:29:41-main--INFO -com.ctaf.accelerators.TestEngine:Current Test : TC_2a_oneWayDomesticBusinessCC
2018-08-01 17:30:24-main--INFO -com.ctaf.accelerators.TestEngine:Starting browser : iphone
2018-08-01 17:30:35-main--INFO -com.ctaf.accelerators.TestEngine:Current Test : TC_2a_oneWayDomesticBusinessCC
2018-08-01 17:30:53-main--INFO -com.ctaf.accelerators.TestEngine:Able to click on Login
2018-08-01 17:31:05-main--INFO -com.ctaf.accelerators.TestEngine:Typing is performed on EmailAddress
2018-08-01 17:31:26-main--INFO -com.ctaf.accelerators.TestEngine:Typing is performed on Password
2018-08-01 17:32:49-main--INFO -com.ctaf.accelerators.TestEngine:Able to click on Login
2018-08-01 17:34:38-main--INFO -com.ctaf.accelerators.TestEngine:Able to click on One-way
2018-08-01 17:34:52-main--INFO -com.ctaf.accelerators.TestEngine:Able to click on By.xpath: //XCUIElementTypeStaticText[@name='Origin']/../XCUIElementTypeButton
2018-08-01 17:35:26-main--INFO -com.ctaf.accelerators.TestEngine:Able to click on Search
2018-08-01 17:35:34-main--INFO -com.ctaf.accelerators.TestEngine:Typing is performed on Origin
2018-08-01 17:35:42-main--INFO -com.ctaf.accelerators.TestEngine:Able to click on RUH
2018-08-01 17:35:55-main--INFO -com.ctaf.accelerators.TestEngine:Typing is performed on Destination
2018-08-01 17:36:01-main--INFO -com.ctaf.accelerators.TestEngine:Able to click on DMM
2018-08-01 17:36:15-main--INFO -com.ctaf.accelerators.TestEngine:Able to click on Find Flights
2018-08-01 17:40:27-main--INFO -com.ctaf.accelerators.TestEngine:Able to click on By.xpath: //XCUIElementTypeCell[1]/XCUIElementTypeButton[2]
2018-08-01 17:43:27-main--INFO -com.ctaf.accelerators.TestEngine:Able to click on By.xpath: //XCUIElementTypeCell[1]/XCUIElementTypeButton[3]
2018-08-01 17:46:22-main--INFO -com.ctaf.accelerators.TestEngine:Able to click on Continue to Select Extras
2018-08-01 17:50:50-main--INFO -com.ctaf.accelerators.TestEngine:Able to click on By.xpath: //XCUIElementTypeStaticText[@name='Travel insurance']/../XCUIElementTypeButton
2018-08-01 17:52:23-main--INFO -com.ctaf.accelerators.TestEngine:Able to click on By.xpath: //XCUIElementTypeStaticText[@name='Travel insurance (inclusive of 5% VAT)']/../XCUIElementTypeButton[1]
2018-08-01 17:52:29-main--INFO -com.ctaf.accelerators.TestEngine:Able to click on Continue to Select Seat
2018-08-01 17:53:30-main--INFO -com.ctaf.accelerators.TestEngine:Able to click on Continue to Payment
2018-08-01 17:55:34-main--INFO -com.ctaf.accelerators.TestEngine:Able to click on By.xpath: //*[@label='Other payment options']/preceding-sibling::XCUIElementTypeButton
2018-08-01 17:57:08-main--INFO -com.ctaf.accelerators.TestEngine:Able to click on By.xpath: //*[@label='Card number']/../XCUIElementTypeButton
2018-08-01 17:58:35-main--INFO -com.ctaf.accelerators.TestEngine:Typing is performed on Card Number
2018-08-01 17:59:26-main--INFO -com.ctaf.accelerators.TestEngine:Able to click on By.xpath: //*[@label='Card holder name']/../XCUIElementTypeButton
2018-08-01 18:00:21-main--INFO -com.ctaf.accelerators.TestEngine:Typing is performed on Card Holder Name
2018-08-01 18:00:43-main--INFO -com.ctaf.accelerators.TestEngine:Able to click on By.xpath: //*[@label='Expiry Date (MM/YY)']/../XCUIElementTypeButton
2018-08-01 18:01:47-main--INFO -com.ctaf.accelerators.TestEngine:Typing is performed on Expiry Date
2018-08-01 18:02:11-main--INFO -com.ctaf.accelerators.TestEngine:Able to click on By.xpath: //*[@label='CW2/CVV Number']/../XCUIElementTypeButton
2018-08-01 18:02:34-main--INFO -com.ctaf.accelerators.TestEngine:Typing is performed on cvv
2018-08-01 18:02:47-main--INFO -com.ctaf.accelerators.TestEngine:Able to click on Purchase
2018-08-01 18:04:14-main--INFO -com.ctaf.accelerators.TestEngine:Unable to click on Submit
2018-08-01 18:04:15-main--INFO -com.ctaf.accelerators.TestEngine: Able to get TscreenShot
2018-08-01 18:12:33-main--INFO -com.ctaf.accelerators.TestEngine:Starting browser : iphone
2018-08-01 18:12:44-main--INFO -com.ctaf.accelerators.TestEngine:Current Test : TC_2a_oneWayDomesticBusinessCC
2018-08-01 18:12:52-main--INFO -com.ctaf.accelerators.TestEngine:Unable to click on Login
2018-08-01 18:12:53-main--INFO -com.ctaf.accelerators.TestEngine: Able to get TscreenShot
2018-08-01 18:13:36-main--INFO -com.ctaf.accelerators.TestEngine:Starting browser : iphone
2018-08-01 18:16:28-main--INFO -com.ctaf.accelerators.TestEngine:Starting browser : iphone
2018-08-01 18:16:39-main--INFO -com.ctaf.accelerators.TestEngine:Current Test : TC_2a_oneWayDomesticBusinessCC
2018-08-01 18:16:47-main--INFO -com.ctaf.accelerators.TestEngine:Unable to click on Login
2018-08-01 18:16:48-main--INFO -com.ctaf.accelerators.TestEngine: Able to get TscreenShot
2018-08-01 18:17:43-main--INFO -com.ctaf.accelerators.TestEngine:Starting browser : iphone
2018-08-01 18:18:29-main--INFO -com.ctaf.accelerators.TestEngine:Current Test : TC_2a_oneWayDomesticBusinessCC
2018-08-01 18:18:39-main--INFO -com.ctaf.accelerators.TestEngine:Unable to click on Login
2018-08-01 18:18:40-main--INFO -com.ctaf.accelerators.TestEngine: Able to get TscreenShot
2018-08-01 18:20:10-main--INFO -com.ctaf.accelerators.TestEngine:Starting browser : iphone
2018-08-01 18:20:20-main--INFO -com.ctaf.accelerators.TestEngine:Current Test : TC_2a_oneWayDomesticBusinessCC
2018-08-01 18:20:33-main--INFO -com.ctaf.accelerators.TestEngine:Able to click on Login
2018-08-01 18:20:42-main--INFO -com.ctaf.accelerators.TestEngine:Typing is performed on EmailAddress
2018-08-01 18:20:52-main--INFO -com.ctaf.accelerators.TestEngine:Typing is performed on Password
2018-08-01 18:20:55-main--INFO -com.ctaf.accelerators.TestEngine:Able to click on Login
2018-08-01 18:21:12-main--INFO -com.ctaf.accelerators.TestEngine:Able to click on One-way
2018-08-01 18:21:24-main--INFO -com.ctaf.accelerators.TestEngine:Able to click on By.xpath: //XCUIElementTypeStaticText[@name='Origin']/../XCUIElementTypeButton
2018-08-01 18:21:32-main--INFO -com.ctaf.accelerators.TestEngine:Able to click on Search
2018-08-01 18:21:36-main--INFO -com.ctaf.accelerators.TestEngine:Typing is performed on Origin
2018-08-01 18:21:40-main--INFO -com.ctaf.accelerators.TestEngine:Able to click on RUH
2018-08-01 18:21:45-main--INFO -com.ctaf.accelerators.TestEngine:Typing is performed on Destination
2018-08-01 18:21:48-main--INFO -com.ctaf.accelerators.TestEngine:Able to click on DMM
2018-08-01 18:21:53-main--INFO -com.ctaf.accelerators.TestEngine:Unable to click on Find Flights
2018-08-01 18:21:54-main--INFO -com.ctaf.accelerators.TestEngine: Able to get TscreenShot
2018-08-01 18:23:29-main--INFO -com.ctaf.accelerators.TestEngine:Starting browser : iphone
2018-08-01 18:23:39-main--INFO -com.ctaf.accelerators.TestEngine:Current Test : TC_2a_oneWayDomesticBusinessCC
2018-08-01 18:23:52-main--INFO -com.ctaf.accelerators.TestEngine:Unable to click on Login
2018-08-01 18:23:53-main--INFO -com.ctaf.accelerators.TestEngine: Able to get TscreenShot
2018-08-01 18:24:21-main--INFO -com.ctaf.accelerators.TestEngine:Starting browser : iphone
2018-08-01 18:24:32-main--INFO -com.ctaf.accelerators.TestEngine:Current Test : TC_2a_oneWayDomesticBusinessCC
2018-08-01 18:24:45-main--INFO -com.ctaf.accelerators.TestEngine:Able to click on Login
2018-08-01 18:24:54-main--INFO -com.ctaf.accelerators.TestEngine:Typing is performed on EmailAddress
2018-08-01 18:25:04-main--INFO -com.ctaf.accelerators.TestEngine:Typing is performed on Password
2018-08-01 18:25:07-main--INFO -com.ctaf.accelerators.TestEngine:Able to click on Login
2018-08-01 18:25:24-main--INFO -com.ctaf.accelerators.TestEngine:Able to click on One-way
2018-08-01 18:25:36-main--INFO -com.ctaf.accelerators.TestEngine:Able to click on By.xpath: //XCUIElementTypeStaticText[@name='Origin']/../XCUIElementTypeButton
2018-08-01 18:25:44-main--INFO -com.ctaf.accelerators.TestEngine:Able to click on Search
2018-08-01 18:25:48-main--INFO -com.ctaf.accelerators.TestEngine:Typing is performed on Origin
2018-08-01 18:25:52-main--INFO -com.ctaf.accelerators.TestEngine:Able to click on RUH
2018-08-01 18:25:57-main--INFO -com.ctaf.accelerators.TestEngine:Typing is performed on Destination
2018-08-01 18:26:00-main--INFO -com.ctaf.accelerators.TestEngine:Able to click on DMM
2018-08-01 18:26:07-main--INFO -com.ctaf.accelerators.TestEngine:Unable to click on Find Flights
2018-08-01 18:26:08-main--INFO -com.ctaf.accelerators.TestEngine: Able to get TscreenShot
